0 info it worked if it ends with ok
1 verbose cli [ '/usr/local/bin/node', '/usr/local/bin/npm', 'run', 'watch' ]
2 info using npm@2.15.5
3 info using node@v4.4.5
4 verbose run-script [ 'prewatch', 'watch', 'postwatch' ]
5 info prewatch yarn-webpack@1.0.0
6 info watch yarn-webpack@1.0.0
7 verbose unsafe-perm in lifecycle true
8 info yarn-webpack@1.0.0 Failed to exec watch script
9 verbose stack Error: yarn-webpack@1.0.0 watch: `webpack-dev-server  --env.dev -w -p -d`
9 verbose stack Exit status 1
9 verbose stack     at EventEmitter.<anonymous> (/usr/local/lib/node_modules/npm/lib/utils/lifecycle.js:217:16)
9 verbose stack     at emitTwo (events.js:87:13)
9 verbose stack     at EventEmitter.emit (events.js:172:7)
9 verbose stack     at ChildProcess.<anonymous> (/usr/local/lib/node_modules/npm/lib/utils/spawn.js:24:14)
9 verbose stack     at emitTwo (events.js:87:13)
9 verbose stack     at ChildProcess.emit (events.js:172:7)
9 verbose stack     at maybeClose (internal/child_process.js:827:16)
9 verbose stack     at Process.ChildProcess._handle.onexit (internal/child_process.js:211:5)
10 verbose pkgid yarn-webpack@1.0.0
11 verbose cwd /home/marianoft/Escritorio/webpack2-starter/frontend/atomic
12 error Linux 3.13.0-112-generic
13 error argv "/usr/local/bin/node" "/usr/local/bin/npm" "run" "watch"
14 error node v4.4.5
15 error npm  v2.15.5
16 error code ELIFECYCLE
17 error yarn-webpack@1.0.0 watch: `webpack-dev-server  --env.dev -w -p -d`
17 error Exit status 1
18 error Failed at the yarn-webpack@1.0.0 watch script 'webpack-dev-server  --env.dev -w -p -d'.
18 error This is most likely a problem with the yarn-webpack package,
18 error not with npm itself.
18 error Tell the author that this fails on your system:
18 error     webpack-dev-server  --env.dev -w -p -d
18 error You can get information on how to open an issue for this project with:
18 error     npm bugs yarn-webpack
18 error Or if that isn't available, you can get their info via:
18 error
18 error     npm owner ls yarn-webpack
18 error There is likely additional logging output above.
19 verbose exit [ 1, true ]
